<?xml version="1.0" encoding="utf-8"?><testsuites name="pytest tests"><testsuite name="pytest" errors="0" failures="0" skipped="0" tests="22" time="8.881" timestamp="2026-04-08T13:02:19.842701+00:00" hostname="agent-env-af4234b4-a6da-4ce6-ad59-635d6cf0226f"><testcase classname="backend.tests.test_hr_portal.TestAdminAuth" name="test_admin_login_success" time="0.507" /><testcase classname="backend.tests.test_hr_portal.TestAdminAuth" name="test_admin_login_wrong_password" time="0.362" /><testcase classname="backend.tests.test_hr_portal.TestAdminAuth" name="test_admin_login_wrong_email" time="0.124" /><testcase classname="backend.tests.test_hr_portal.TestEmployeeManagement" name="test_admin_create_employee" time="0.621" /><testcase classname="backend.tests.test_hr_portal.TestEmployeeManagement" name="test_admin_get_employees" time="0.400" /><testcase classname="backend.tests.test_hr_portal.TestEmployeeManagement" name="test_new_employee_can_login" time="0.344" /><testcase classname="backend.tests.test_hr_portal.TestPasswordReset" name="test_admin_reset_employee_password" time="0.658" /><testcase classname="backend.tests.test_hr_portal.TestPasswordReset" name="test_employee_login_with_new_password" time="0.338" /><testcase classname="backend.tests.test_hr_portal.TestPasswordReset" name="test_employee_old_password_fails" time="0.329" /><testcase classname="backend.tests.test_hr_portal.TestForgotPasswordInfo" name="test_password_reset_info_endpoint" time="0.100" /><testcase classname="backend.tests.test_hr_portal.TestAdminDashboardTabs" name="test_analytics_endpoint" time="0.373" /><testcase classname="backend.tests.test_hr_portal.TestAdminDashboardTabs" name="test_employees_endpoint" time="0.384" /><testcase classname="backend.tests.test_hr_portal.TestAdminDashboardTabs" name="test_payslips_endpoint" time="0.407" /><testcase classname="backend.tests.test_hr_portal.TestAdminDashboardTabs" name="test_leave_requests_endpoint" time="0.440" /><testcase classname="backend.tests.test_hr_portal.TestAdminDashboardTabs" name="test_attendance_endpoint" time="0.410" /><testcase classname="backend.tests.test_hr_portal.TestAdminDashboardTabs" name="test_permissions_endpoint" time="0.378" /><testcase classname="backend.tests.test_hr_portal.TestEmployeeDashboard" name="test_attendance_status" time="0.379" /><testcase classname="backend.tests.test_hr_portal.TestEmployeeDashboard" name="test_leave_balance" time="0.416" /><testcase classname="backend.tests.test_hr_portal.TestEmployeeDashboard" name="test_clock_in_out_flow" time="0.577" /><testcase classname="backend.tests.test_hr_portal.TestEmployeeDashboard" name="test_leave_request_submission" time="0.421" /><testcase classname="backend.tests.test_hr_portal.TestEmployeeDashboard" name="test_my_shift_endpoint" time="0.382" /><testcase classname="backend.tests.test_hr_portal.TestCleanup" name="test_cleanup_test_employee" time="0.432" /></testsuite></testsuites>