<?xml version="1.0" encoding="utf-8"?><testsuites name="pytest tests"><testsuite name="pytest" errors="0" failures="0" skipped="0" tests="12" time="5.468" timestamp="2026-04-08T13:20:38.734217+00:00" hostname="agent-env-af4234b4-a6da-4ce6-ad59-635d6cf0226f"><testcase classname="backend.tests.test_holidays_leave.TestHolidayAPIs" name="test_get_holidays_list" time="0.148" /><testcase classname="backend.tests.test_holidays_leave.TestHolidayAPIs" name="test_check_weekend_saturday" time="0.113" /><testcase classname="backend.tests.test_holidays_leave.TestHolidayAPIs" name="test_check_weekend_sunday" time="0.116" /><testcase classname="backend.tests.test_holidays_leave.TestHolidayAPIs" name="test_check_holiday" time="0.110" /><testcase classname="backend.tests.test_holidays_leave.TestHolidayAPIs" name="test_check_working_day" time="0.112" /><testcase classname="backend.tests.test_holidays_leave.TestLeaveBalance" name="test_leave_balance_structure" time="0.973" /><testcase classname="backend.tests.test_holidays_leave.TestAdminEmployeeCreation" name="test_create_employee_leave_balances" time="0.714" /><testcase classname="backend.tests.test_holidays_leave.TestLOPLeaveRequest" name="test_lop_leave_request_submission" time="0.829" /><testcase classname="backend.tests.test_holidays_leave.TestLeaveCalculation" name="test_leave_excludes_weekends" time="1.252" /><testcase classname="backend.tests.test_holidays_leave.TestLeaveCalculation" name="test_leave_only_weekends_rejected" time="0.761" /><testcase classname="backend.tests.test_holidays_leave.TestClockInBlocking" name="test_clock_in_weekend_blocked_info" time="0.125" /><testcase classname="backend.tests.test_holidays_leave.TestClockInBlocking" name="test_clock_in_holiday_blocked_info" time="0.122" /></testsuite></testsuites>