<?xml version="1.0" encoding="utf-8"?><testsuites name="pytest tests"><testsuite name="pytest" errors="0" failures="0" skipped="0" tests="19" time="8.680" timestamp="2026-04-08T13:41:32.114683+00:00" hostname="agent-env-af4234b4-a6da-4ce6-ad59-635d6cf0226f"><testcase classname="tests.test_mysql_migration.TestAuthLogin" name="test_admin_login" time="0.397" /><testcase classname="tests.test_mysql_migration.TestAuthLogin" name="test_manager_login" time="0.347" /><testcase classname="tests.test_mysql_migration.TestAuthLogin" name="test_employee_login" time="0.347" /><testcase classname="tests.test_mysql_migration.TestAuthLogin" name="test_invalid_login" time="0.109" /><testcase classname="tests.test_mysql_migration.TestHolidaysAPI" name="test_holidays_list_returns_12_holidays" time="0.138" /><testcase classname="tests.test_mysql_migration.TestLeaveBalance" name="test_leave_balance_values" time="0.473" /><testcase classname="tests.test_mysql_migration.TestAdminEmployeeManagement" name="test_admin_can_list_employees" time="0.420" /><testcase classname="tests.test_mysql_migration.TestAdminEmployeeManagement" name="test_admin_create_employee_with_role" time="0.701" /><testcase classname="tests.test_mysql_migration.TestAdminEmployeeManagement" name="test_admin_edit_employee_role" time="0.698" /><testcase classname="tests.test_mysql_migration.TestAdminEmployeeManagement" name="test_admin_reset_password" time="1.303" /><testcase classname="tests.test_mysql_migration.TestManagerPermissions" name="test_manager_can_view_leave_requests" time="0.382" /><testcase classname="tests.test_mysql_migration.TestManagerPermissions" name="test_manager_can_view_permissions" time="0.437" /><testcase classname="tests.test_mysql_migration.TestManagerPermissions" name="test_manager_can_view_attendance" time="0.376" /><testcase classname="tests.test_mysql_migration.TestManagerPermissions" name="test_manager_can_view_analytics" time="0.387" /><testcase classname="tests.test_mysql_migration.TestManagerPermissions" name="test_manager_cannot_create_employees" time="0.367" /><testcase classname="tests.test_mysql_migration.TestManagerPermissions" name="test_manager_cannot_view_payslips" time="0.421" /><testcase classname="tests.test_mysql_migration.TestEmployeePermissions" name="test_employee_cannot_access_admin_endpoints" time="0.375" /><testcase classname="tests.test_mysql_migration.TestEmployeePermissions" name="test_employee_can_access_own_data" time="0.478" /><testcase classname="tests.test_mysql_migration.TestRoleBadges" name="test_employee_list_has_role_field" time="0.422" /></testsuite></testsuites>